1583779209729	mozrunner::runner	INFO	Running command: "/usr/bin/firefox" "-marionette" "-foreground" "-no-remote" "-profile" "/tmp/rust_mozprofileRaakOs"
1583779210691	addons.webextension.doh-rollout@mozilla.org	WARN	Loading extension 'doh-rollout@mozilla.org': Reading manifest: Invalid extension permission: networkStatus
1583779212466	addons.webextension.screenshots@mozilla.org	WARN	Loading extension 'screenshots@mozilla.org': Reading manifest: Invalid extension permission: mozillaAddons
1583779212466	addons.webextension.screenshots@mozilla.org	WARN	Loading extension 'screenshots@mozilla.org': Reading manifest: Invalid extension permission: telemetry
1583779212466	addons.webextension.screenshots@mozilla.org	WARN	Loading extension 'screenshots@mozilla.org': Reading manifest: Invalid extension permission: resource://pdf.js/
1583779212467	addons.webextension.screenshots@mozilla.org	WARN	Loading extension 'screenshots@mozilla.org': Reading manifest: Invalid extension permission: about:reader*
1583779215632	Marionette	INFO	Listening on port 41983
1583779215652	Marionette	WARN	TLS certificate errors will be ignored for this session
1583779369622	mozrunner::runner	INFO	Running command: "/usr/bin/firefox" "-marionette" "-foreground" "-no-remote" "-profile" "/tmp/rust_mozprofile1dYfKr"
1583779370334	addons.webextension.doh-rollout@mozilla.org	WARN	Loading extension 'doh-rollout@mozilla.org': Reading manifest: Invalid extension permission: networkStatus
1583779372008	addons.webextension.screenshots@mozilla.org	WARN	Loading extension 'screenshots@mozilla.org': Reading manifest: Invalid extension permission: mozillaAddons
1583779372008	addons.webextension.screenshots@mozilla.org	WARN	Loading extension 'screenshots@mozilla.org': Reading manifest: Invalid extension permission: telemetry
1583779372008	addons.webextension.screenshots@mozilla.org	WARN	Loading extension 'screenshots@mozilla.org': Reading manifest: Invalid extension permission: resource://pdf.js/
1583779372008	addons.webextension.screenshots@mozilla.org	WARN	Loading extension 'screenshots@mozilla.org': Reading manifest: Invalid extension permission: about:reader*
1583779374082	Marionette	INFO	Listening on port 40217
1583779374134	Marionette	WARN	TLS certificate errors will be ignored for this session
1583779390797	Marionette	INFO	Stopped listening on port 40217
1583779420482	mozrunner::runner	INFO	Running command: "/usr/bin/firefox" "-marionette" "-foreground" "-no-remote" "-profile" "/tmp/rust_mozprofilebFO6PX"
1583779421166	addons.webextension.doh-rollout@mozilla.org	WARN	Loading extension 'doh-rollout@mozilla.org': Reading manifest: Invalid extension permission: networkStatus
1583779422876	addons.webextension.screenshots@mozilla.org	WARN	Loading extension 'screenshots@mozilla.org': Reading manifest: Invalid extension permission: mozillaAddons
1583779422876	addons.webextension.screenshots@mozilla.org	WARN	Loading extension 'screenshots@mozilla.org': Reading manifest: Invalid extension permission: telemetry
1583779422876	addons.webextension.screenshots@mozilla.org	WARN	Loading extension 'screenshots@mozilla.org': Reading manifest: Invalid extension permission: resource://pdf.js/
1583779422876	addons.webextension.screenshots@mozilla.org	WARN	Loading extension 'screenshots@mozilla.org': Reading manifest: Invalid extension permission: about:reader*
1583779424981	Marionette	INFO	Listening on port 41289
1583779425004	Marionette	WARN	TLS certificate errors will be ignored for this session
JavaScript error: , line 0: UnknownError: The operation failed for reasons unrelated to the database itself and not covered by any other error code.
1583779428476	Marionette	INFO	Stopped listening on port 41983
1583779479905	Marionette	INFO	Stopped listening on port 41289
JavaScript error: resource://gre/modules/osfile/osfile_async_front.jsm, line 426: Error: OS.File has been shut down. Rejecting post to stat
1583784259666	mozrunner::runner	INFO	Running command: "/usr/bin/firefox" "-marionette" "-foreground" "-no-remote" "-profile" "/tmp/rust_mozprofile7iDO2M"
1583784260445	addons.webextension.doh-rollout@mozilla.org	WARN	Loading extension 'doh-rollout@mozilla.org': Reading manifest: Invalid extension permission: networkStatus
1583784262354	addons.webextension.screenshots@mozilla.org	WARN	Loading extension 'screenshots@mozilla.org': Reading manifest: Invalid extension permission: mozillaAddons
1583784262354	addons.webextension.screenshots@mozilla.org	WARN	Loading extension 'screenshots@mozilla.org': Reading manifest: Invalid extension permission: telemetry
1583784262354	addons.webextension.screenshots@mozilla.org	WARN	Loading extension 'screenshots@mozilla.org': Reading manifest: Invalid extension permission: resource://pdf.js/
1583784262354	addons.webextension.screenshots@mozilla.org	WARN	Loading extension 'screenshots@mozilla.org': Reading manifest: Invalid extension permission: about:reader*
1583784264924	Marionette	INFO	Listening on port 33411
1583784265001	Marionette	WARN	TLS certificate errors will be ignored for this session
JavaScript error: https://www.bol.com/nl/m/cookies/, line 109: Error: 
JavaScript error: https://www.bol.com/nl/m/cookies/, line 109: Error: 
JavaScript error: resource:///actors/ContentMetaChild.jsm, line 167: InvalidStateError: An attempt was made to use an object that is not, or is no longer, usable
JavaScript error: resource:///actors/ContentMetaChild.jsm, line 167: InvalidStateError: An attempt was made to use an object that is not, or is no longer, usable
1583784455932	mozrunner::runner	INFO	Running command: "/usr/bin/firefox" "-marionette" "-foreground" "-no-remote" "-profile" "/tmp/rust_mozprofileFE2kXJ"
1583784456655	addons.webextension.doh-rollout@mozilla.org	WARN	Loading extension 'doh-rollout@mozilla.org': Reading manifest: Invalid extension permission: networkStatus
1583784458677	addons.webextension.screenshots@mozilla.org	WARN	Loading extension 'screenshots@mozilla.org': Reading manifest: Invalid extension permission: mozillaAddons
1583784458677	addons.webextension.screenshots@mozilla.org	WARN	Loading extension 'screenshots@mozilla.org': Reading manifest: Invalid extension permission: telemetry
1583784458677	addons.webextension.screenshots@mozilla.org	WARN	Loading extension 'screenshots@mozilla.org': Reading manifest: Invalid extension permission: resource://pdf.js/
1583784458678	addons.webextension.screenshots@mozilla.org	WARN	Loading extension 'screenshots@mozilla.org': Reading manifest: Invalid extension permission: about:reader*
1583784460857	Marionette	INFO	Listening on port 43217
1583784460946	Marionette	WARN	TLS certificate errors will be ignored for this session
JavaScript error: https://www.bol.com/nl/m/cookies/, line 109: Error: 
JavaScript error: https://www.bol.com/nl/m/cookies/, line 109: Error: 
JavaScript error: resource:///actors/ContentMetaChild.jsm, line 167: InvalidStateError: An attempt was made to use an object that is not, or is no longer, usable

###!!! [Child][RunMessage] Error: Channel closing: too late to send/recv, messages will be lost

JavaScript error: resource://gre/actors/PictureInPictureChild.jsm, line 353: TypeError: this.contentWindow.windowRoot is null
1583784493855	mozrunner::runner	INFO	Running command: "/usr/bin/firefox" "-marionette" "-foreground" "-no-remote" "-profile" "/tmp/rust_mozprofileTz4aS6"
1583784494586	addons.webextension.doh-rollout@mozilla.org	WARN	Loading extension 'doh-rollout@mozilla.org': Reading manifest: Invalid extension permission: networkStatus
1583784497355	addons.webextension.screenshots@mozilla.org	WARN	Loading extension 'screenshots@mozilla.org': Reading manifest: Invalid extension permission: mozillaAddons
1583784497355	addons.webextension.screenshots@mozilla.org	WARN	Loading extension 'screenshots@mozilla.org': Reading manifest: Invalid extension permission: telemetry
1583784497355	addons.webextension.screenshots@mozilla.org	WARN	Loading extension 'screenshots@mozilla.org': Reading manifest: Invalid extension permission: resource://pdf.js/
1583784497355	addons.webextension.screenshots@mozilla.org	WARN	Loading extension 'screenshots@mozilla.org': Reading manifest: Invalid extension permission: about:reader*
1583784500309	Marionette	INFO	Listening on port 46559
1583784500369	Marionette	WARN	TLS certificate errors will be ignored for this session
JavaScript error: https://js.s-bol.com/nl/static/assets/js/px.8b6788e7bb1dbaf85202.bundle.js, line 1: SecurityError: Permission denied to access property "BOOMR_lstart" on cross-origin object
JavaScript error: https://www.bol.com/nl/m/cookies/, line 109: Error: 
JavaScript error: https://www.bol.com/nl/m/cookies/, line 109: Error: 
JavaScript error: resource:///modules/FaviconLoader.jsm, line 581: InvalidStateError: An attempt was made to use an object that is not, or is no longer, usable
JavaScript error: resource:///modules/FaviconLoader.jsm, line 581: InvalidStateError: An attempt was made to use an object that is not, or is no longer, usable
console.error: (new Error("SessionFile is closed", "resource:///modules/sessionstore/SessionFile.jsm", 433))
JavaScript error: resource:///actors/ContentMetaChild.jsm, line 167: InvalidStateError: An attempt was made to use an object that is not, or is no longer, usable
JavaScript error: https://www.bol.com/nl/rnwy/account/overzicht, line 109: Error: 
JavaScript error: https://www.bol.com/nl/rnwy/account/overzicht, line 109: Error: 
JavaScript error: resource:///actors/ContentMetaChild.jsm, line 167: InvalidStateError: An attempt was made to use an object that is not, or is no longer, usable
1583784508830	Marionette	INFO	Stopped listening on port 43217
JavaScript error: , line 0: UnknownError: The operation failed for reasons unrelated to the database itself and not covered by any other error code.
1583784529610	Marionette	INFO	Stopped listening on port 33411
1583784530813	mozrunner::runner	INFO	Running command: "/usr/bin/firefox" "-marionette" "-foreground" "-no-remote" "-profile" "/tmp/rust_mozprofileeoCx4n"
1583784531854	addons.webextension.doh-rollout@mozilla.org	WARN	Loading extension 'doh-rollout@mozilla.org': Reading manifest: Invalid extension permission: networkStatus
1583784534497	addons.webextension.screenshots@mozilla.org	WARN	Loading extension 'screenshots@mozilla.org': Reading manifest: Invalid extension permission: mozillaAddons
1583784534497	addons.webextension.screenshots@mozilla.org	WARN	Loading extension 'screenshots@mozilla.org': Reading manifest: Invalid extension permission: telemetry
1583784534498	addons.webextension.screenshots@mozilla.org	WARN	Loading extension 'screenshots@mozilla.org': Reading manifest: Invalid extension permission: resource://pdf.js/
1583784534498	addons.webextension.screenshots@mozilla.org	WARN	Loading extension 'screenshots@mozilla.org': Reading manifest: Invalid extension permission: about:reader*
1583784537578	Marionette	INFO	Listening on port 34841
1583784537630	Marionette	WARN	TLS certificate errors will be ignored for this session
console.error: (new Error("SessionFile is closed", "resource:///modules/sessionstore/SessionFile.jsm", 433))
JavaScript error: https://www.bol.com/nl/m/cookies/, line 109: Error: 
JavaScript error: https://www.bol.com/nl/m/cookies/, line 109: Error: 
JavaScript error: resource:///modules/FaviconLoader.jsm, line 581: InvalidStateError: An attempt was made to use an object that is not, or is no longer, usable
JavaScript error: resource:///modules/FaviconLoader.jsm, line 581: InvalidStateError: An attempt was made to use an object that is not, or is no longer, usable
1583784542872	Marionette	INFO	Stopped listening on port 46559
JavaScript error: resource:///actors/ContentMetaChild.jsm, line 167: InvalidStateError: An attempt was made to use an object that is not, or is no longer, usable
JavaScript error: resource:///actors/ContentMetaChild.jsm, line 167: InvalidStateError: An attempt was made to use an object that is not, or is no longer, usable
JavaScript error: https://js.s-bol.com/nl/static/assets/js/wsp-elements.b4a44790a95623454d59.bundle.js, line 2: ReferenceError: response is not defined
JavaScript error: resource:///actors/ContentMetaChild.jsm, line 167: InvalidStateError: An attempt was made to use an object that is not, or is no longer, usable
1583784732685	mozrunner::runner	INFO	Running command: "/usr/bin/firefox" "-marionette" "-foreground" "-no-remote" "-profile" "/tmp/rust_mozprofileDSGEzt"
1583784733553	addons.webextension.doh-rollout@mozilla.org	WARN	Loading extension 'doh-rollout@mozilla.org': Reading manifest: Invalid extension permission: networkStatus
1583784735416	addons.webextension.screenshots@mozilla.org	WARN	Loading extension 'screenshots@mozilla.org': Reading manifest: Invalid extension permission: mozillaAddons
1583784735417	addons.webextension.screenshots@mozilla.org	WARN	Loading extension 'screenshots@mozilla.org': Reading manifest: Invalid extension permission: telemetry
1583784735417	addons.webextension.screenshots@mozilla.org	WARN	Loading extension 'screenshots@mozilla.org': Reading manifest: Invalid extension permission: resource://pdf.js/
1583784735417	addons.webextension.screenshots@mozilla.org	WARN	Loading extension 'screenshots@mozilla.org': Reading manifest: Invalid extension permission: about:reader*
1583784737676	Marionette	INFO	Listening on port 33661
1583784737698	Marionette	WARN	TLS certificate errors will be ignored for this session
JavaScript error: , line 0: UnknownError: The operation failed for reasons unrelated to the database itself and not covered by any other error code.
1583784740136	Marionette	INFO	Stopped listening on port 34841
JavaScript error: https://www.bol.com/nl/m/cookies/, line 109: Error: 
JavaScript error: https://www.bol.com/nl/m/cookies/, line 109: Error: 
JavaScript error: resource:///actors/ContentMetaChild.jsm, line 167: InvalidStateError: An attempt was made to use an object that is not, or is no longer, usable
JavaScript error: https://c.go-mpulse.net/boomerang/U6CQQ-EHDKM-7D3EX-GAL5G-T4UWT, line 11: SecurityError: Permission denied to access property "document" on cross-origin object
JavaScript error: resource:///actors/ContentMetaChild.jsm, line 167: InvalidStateError: An attempt was made to use an object that is not, or is no longer, usable
JavaScript error: resource:///actors/ContentMetaChild.jsm, line 167: InvalidStateError: An attempt was made to use an object that is not, or is no longer, usable
JavaScript error: https://www.bol.com/nl/order/basket.html, line 117: TypeError: n is not a function
JavaScript error: https://www.bol.com/nl/order/basket.html, line 3270: ReferenceError: WSP is not defined
1583784806634	mozrunner::runner	INFO	Running command: "/usr/bin/firefox" "-marionette" "-foreground" "-no-remote" "-profile" "/tmp/rust_mozprofilev516fy"
1583784807396	addons.webextension.doh-rollout@mozilla.org	WARN	Loading extension 'doh-rollout@mozilla.org': Reading manifest: Invalid extension permission: networkStatus
1583784809318	addons.webextension.screenshots@mozilla.org	WARN	Loading extension 'screenshots@mozilla.org': Reading manifest: Invalid extension permission: mozillaAddons
1583784809318	addons.webextension.screenshots@mozilla.org	WARN	Loading extension 'screenshots@mozilla.org': Reading manifest: Invalid extension permission: telemetry
1583784809318	addons.webextension.screenshots@mozilla.org	WARN	Loading extension 'screenshots@mozilla.org': Reading manifest: Invalid extension permission: resource://pdf.js/
1583784809318	addons.webextension.screenshots@mozilla.org	WARN	Loading extension 'screenshots@mozilla.org': Reading manifest: Invalid extension permission: about:reader*
1583784811812	Marionette	INFO	Listening on port 44233
1583784811851	Marionette	WARN	TLS certificate errors will be ignored for this session
JavaScript error: https://www.bol.com/nl/m/cookies/, line 109: Error: 
JavaScript error: resource:///modules/FaviconLoader.jsm, line 581: InvalidStateError: An attempt was made to use an object that is not, or is no longer, usable
JavaScript error: resource:///modules/FaviconLoader.jsm, line 581: InvalidStateError: An attempt was made to use an object that is not, or is no longer, usable
JavaScript error: resource:///actors/ContentMetaChild.jsm, line 167: InvalidStateError: An attempt was made to use an object that is not, or is no longer, usable
JavaScript error: https://js.s-bol.com/nl/static/assets/js/px.8b6788e7bb1dbaf85202.bundle.js, line 1: SecurityError: Permission denied to access property "BOOMR_lstart" on cross-origin object
JavaScript error: https://www.bol.com/nl/rnwy/account/overzicht, line 109: Error: 
JavaScript error: https://www.bol.com/nl/rnwy/account/overzicht, line 109: Error: 
JavaScript error: https://js.s-bol.com/nl/static/assets/js/wsp-elements.887007f1a0b9c49dc6f8.bundle.js, line 2: ReferenceError: response is not defined
JavaScript error: resource:///actors/ContentMetaChild.jsm, line 167: InvalidStateError: An attempt was made to use an object that is not, or is no longer, usable
JavaScript error: resource:///actors/ContentMetaChild.jsm, line 167: InvalidStateError: An attempt was made to use an object that is not, or is no longer, usable
JavaScript error: resource://gre/modules/IndexedDB.jsm, line 370: UnknownError: The operation failed for reasons unrelated to the database itself and not covered by any other error code.
1583784819615	Marionette	INFO	Stopped listening on port 33661
1583784883485	mozrunner::runner	INFO	Running command: "/usr/bin/firefox" "-marionette" "-foreground" "-no-remote" "-profile" "/tmp/rust_mozprofileyMBC6j"
1583784884221	addons.webextension.doh-rollout@mozilla.org	WARN	Loading extension 'doh-rollout@mozilla.org': Reading manifest: Invalid extension permission: networkStatus
1583784885982	addons.webextension.screenshots@mozilla.org	WARN	Loading extension 'screenshots@mozilla.org': Reading manifest: Invalid extension permission: mozillaAddons
1583784885982	addons.webextension.screenshots@mozilla.org	WARN	Loading extension 'screenshots@mozilla.org': Reading manifest: Invalid extension permission: telemetry
1583784885982	addons.webextension.screenshots@mozilla.org	WARN	Loading extension 'screenshots@mozilla.org': Reading manifest: Invalid extension permission: resource://pdf.js/
1583784885983	addons.webextension.screenshots@mozilla.org	WARN	Loading extension 'screenshots@mozilla.org': Reading manifest: Invalid extension permission: about:reader*
1583784888324	Marionette	INFO	Listening on port 40075
1583784888399	Marionette	WARN	TLS certificate errors will be ignored for this session
JavaScript error: https://www.bol.com/nl/m/cookies/, line 109: Error: 
JavaScript error: https://www.bol.com/nl/m/cookies/, line 109: Error: 
JavaScript error: resource:///actors/ContentMetaChild.jsm, line 167: InvalidStateError: An attempt was made to use an object that is not, or is no longer, usable
JavaScript error: resource:///actors/ContentMetaChild.jsm, line 167: InvalidStateError: An attempt was made to use an object that is not, or is no longer, usable
JavaScript error: resource:///actors/ContentMetaChild.jsm, line 167: InvalidStateError: An attempt was made to use an object that is not, or is no longer, usable
JavaScript error: https://c.go-mpulse.net/boomerang/U6CQQ-EHDKM-7D3EX-GAL5G-T4UWT, line 11: NS_ERROR_NOT_INITIALIZED: 
1583784903898	mozrunner::runner	INFO	Running command: "/usr/bin/firefox" "-marionette" "-foreground" "-no-remote" "-profile" "/tmp/rust_mozprofileapz1I5"
1583784904722	addons.webextension.doh-rollout@mozilla.org	WARN	Loading extension 'doh-rollout@mozilla.org': Reading manifest: Invalid extension permission: networkStatus
1583784907058	addons.webextension.screenshots@mozilla.org	WARN	Loading extension 'screenshots@mozilla.org': Reading manifest: Invalid extension permission: mozillaAddons
1583784907058	addons.webextension.screenshots@mozilla.org	WARN	Loading extension 'screenshots@mozilla.org': Reading manifest: Invalid extension permission: telemetry
1583784907058	addons.webextension.screenshots@mozilla.org	WARN	Loading extension 'screenshots@mozilla.org': Reading manifest: Invalid extension permission: resource://pdf.js/
1583784907058	addons.webextension.screenshots@mozilla.org	WARN	Loading extension 'screenshots@mozilla.org': Reading manifest: Invalid extension permission: about:reader*
1583784910112	Marionette	INFO	Listening on port 35937
1583784910213	Marionette	WARN	TLS certificate errors will be ignored for this session
JavaScript error: https://www.bol.com/nl/m/cookies/, line 109: Error: 
JavaScript error: https://www.bol.com/nl/m/cookies/, line 109: Error: 
JavaScript error: https://www.bol.com/nl/rnwy/account/overzicht, line 109: Error: 
JavaScript error: https://www.bol.com/nl/rnwy/account/overzicht, line 109: Error: 
JavaScript error: https://www.bol.com/nl/rnwy/account/overzicht, line 109: Error: 
JavaScript error: resource:///actors/ContentMetaChild.jsm, line 167: InvalidStateError: An attempt was made to use an object that is not, or is no longer, usable
console.error: (new Error("SessionFile is closed", "resource:///modules/sessionstore/SessionFile.jsm", 433))
1583784920055	Marionette	INFO	Stopped listening on port 40075
1583784932267	mozrunner::runner	INFO	Running command: "/usr/bin/firefox" "-marionette" "-foreground" "-no-remote" "-profile" "/tmp/rust_mozprofile13vCPP"
1583784933097	addons.webextension.doh-rollout@mozilla.org	WARN	Loading extension 'doh-rollout@mozilla.org': Reading manifest: Invalid extension permission: networkStatus
1583784936311	addons.webextension.screenshots@mozilla.org	WARN	Loading extension 'screenshots@mozilla.org': Reading manifest: Invalid extension permission: mozillaAddons
1583784936311	addons.webextension.screenshots@mozilla.org	WARN	Loading extension 'screenshots@mozilla.org': Reading manifest: Invalid extension permission: telemetry
1583784936311	addons.webextension.screenshots@mozilla.org	WARN	Loading extension 'screenshots@mozilla.org': Reading manifest: Invalid extension permission: resource://pdf.js/
1583784936312	addons.webextension.screenshots@mozilla.org	WARN	Loading extension 'screenshots@mozilla.org': Reading manifest: Invalid extension permission: about:reader*
JavaScript error: , line 0: UnknownError: The operation failed for reasons unrelated to the database itself and not covered by any other error code.
1583784938276	Marionette	INFO	Stopped listening on port 44233
1583784939803	Marionette	INFO	Listening on port 43135
1583784939888	Marionette	WARN	TLS certificate errors will be ignored for this session
JavaScript error: https://www.bol.com/nl/m/cookies/, line 109: Error: 
JavaScript error: https://www.bol.com/nl/m/cookies/, line 109: Error: 
1583784947514	Marionette	INFO	Stopped listening on port 35937
JavaScript error: https://c.go-mpulse.net/boomerang/U6CQQ-EHDKM-7D3EX-GAL5G-T4UWT, line 11: NS_ERROR_NOT_INITIALIZED: 
JavaScript error: https://www.bol.com/nl/rnwy/account/overzicht, line 109: Error: 
JavaScript error: resource:///actors/ContentMetaChild.jsm, line 167: InvalidStateError: An attempt was made to use an object that is not, or is no longer, usable
JavaScript error: https://js.s-bol.com/nl/static/assets/js/wsp-elements.887007f1a0b9c49dc6f8.bundle.js, line 2: TypeError: (intermediate value).data.alerts is undefined
JavaScript error: resource:///actors/ContentMetaChild.jsm, line 167: InvalidStateError: An attempt was made to use an object that is not, or is no longer, usable
1583784966039	mozrunner::runner	INFO	Running command: "/usr/bin/firefox" "-marionette" "-foreground" "-no-remote" "-profile" "/tmp/rust_mozprofile4Og9Kd"
1583784966990	addons.webextension.doh-rollout@mozilla.org	WARN	Loading extension 'doh-rollout@mozilla.org': Reading manifest: Invalid extension permission: networkStatus
1583784969911	Marionette	INFO	Stopped listening on port 43135
1583784970296	addons.webextension.screenshots@mozilla.org	WARN	Loading extension 'screenshots@mozilla.org': Reading manifest: Invalid extension permission: mozillaAddons
1583784970296	addons.webextension.screenshots@mozilla.org	WARN	Loading extension 'screenshots@mozilla.org': Reading manifest: Invalid extension permission: telemetry
1583784970296	addons.webextension.screenshots@mozilla.org	WARN	Loading extension 'screenshots@mozilla.org': Reading manifest: Invalid extension permission: resource://pdf.js/
1583784970296	addons.webextension.screenshots@mozilla.org	WARN	Loading extension 'screenshots@mozilla.org': Reading manifest: Invalid extension permission: about:reader*
1583784972619	Marionette	INFO	Listening on port 34131
1583784972657	Marionette	WARN	TLS certificate errors will be ignored for this session
JavaScript error: https://www.bol.com/nl/m/cookies/, line 109: Error: 
JavaScript error: resource:///actors/ContentMetaChild.jsm, line 167: InvalidStateError: An attempt was made to use an object that is not, or is no longer, usable
JavaScript error: https://www.bol.com/nl/rnwy/account/overzicht, line 109: Error: 
JavaScript error: https://www.bol.com/nl/rnwy/account/overzicht, line 109: Error: 
JavaScript error: https://js.s-bol.com/nl/static/assets/js/px.8b6788e7bb1dbaf85202.bundle.js, line 1: SecurityError: Permission denied to access property "BOOMR_lstart" on cross-origin object
JavaScript error: resource:///actors/ContentMetaChild.jsm, line 167: InvalidStateError: An attempt was made to use an object that is not, or is no longer, usable
JavaScript error: https://js.s-bol.com/nl/static/assets/js/wsp-elements.887007f1a0b9c49dc6f8.bundle.js, line 2: TypeError: (intermediate value).data.alerts is undefined
JavaScript error: resource:///actors/ContentMetaChild.jsm, line 167: InvalidStateError: An attempt was made to use an object that is not, or is no longer, usable
JavaScript error: resource:///actors/ContentMetaChild.jsm, line 167: InvalidStateError: An attempt was made to use an object that is not, or is no longer, usable
1583784996496	mozrunner::runner	INFO	Running command: "/usr/bin/firefox" "-marionette" "-foreground" "-no-remote" "-profile" "/tmp/rust_mozprofileLTS3ps"
1583784997300	addons.webextension.doh-rollout@mozilla.org	WARN	Loading extension 'doh-rollout@mozilla.org': Reading manifest: Invalid extension permission: networkStatus
1583784999869	addons.webextension.screenshots@mozilla.org	WARN	Loading extension 'screenshots@mozilla.org': Reading manifest: Invalid extension permission: mozillaAddons
1583784999869	addons.webextension.screenshots@mozilla.org	WARN	Loading extension 'screenshots@mozilla.org': Reading manifest: Invalid extension permission: telemetry
1583784999869	addons.webextension.screenshots@mozilla.org	WARN	Loading extension 'screenshots@mozilla.org': Reading manifest: Invalid extension permission: resource://pdf.js/
1583784999869	addons.webextension.screenshots@mozilla.org	WARN	Loading extension 'screenshots@mozilla.org': Reading manifest: Invalid extension permission: about:reader*
1583785002771	Marionette	INFO	Listening on port 37243
1583785002811	Marionette	WARN	TLS certificate errors will be ignored for this session
1583785003482	Marionette	INFO	Stopped listening on port 34131
JavaScript error: https://www.bol.com/nl/m/cookies/, line 109: Error: 
JavaScript error: https://www.bol.com/nl/m/cookies/, line 109: Error: 
JavaScript error: resource:///actors/ContentMetaChild.jsm, line 167: InvalidStateError: An attempt was made to use an object that is not, or is no longer, usable
JavaScript error: resource:///actors/ContentMetaChild.jsm, line 167: InvalidStateError: An attempt was made to use an object that is not, or is no longer, usable
JavaScript error: resource:///actors/ContentMetaChild.jsm, line 167: InvalidStateError: An attempt was made to use an object that is not, or is no longer, usable
console.warn: LoginRecipes: "getRecipes: falling back to a synchronous message for:" "https://www.bol.com"
console.warn: LoginRecipes: "getRecipes: falling back to a synchronous message for:" "https://www.bol.com"
IPDL protocol error: Handler returned error code!

###!!! [Parent][DispatchAsyncMessage] Error: PLayerTransaction::Msg_ReleaseLayer Processing error: message was deserialized, but the handler returned false (indicating failure)

JavaScript error: , line 0: UnknownError: The operation failed for reasons unrelated to the database itself and not covered by any other error code.
1583785093061	Marionette	INFO	Stopped listening on port 37243
1583785095025	mozrunner::runner	INFO	Running command: "/usr/bin/firefox" "-marionette" "-foreground" "-no-remote" "-profile" "/tmp/rust_mozprofileV16JAt"
1583785095804	addons.webextension.doh-rollout@mozilla.org	WARN	Loading extension 'doh-rollout@mozilla.org': Reading manifest: Invalid extension permission: networkStatus
1583785097705	addons.webextension.screenshots@mozilla.org	WARN	Loading extension 'screenshots@mozilla.org': Reading manifest: Invalid extension permission: mozillaAddons
1583785097706	addons.webextension.screenshots@mozilla.org	WARN	Loading extension 'screenshots@mozilla.org': Reading manifest: Invalid extension permission: telemetry
1583785097706	addons.webextension.screenshots@mozilla.org	WARN	Loading extension 'screenshots@mozilla.org': Reading manifest: Invalid extension permission: resource://pdf.js/
1583785097706	addons.webextension.screenshots@mozilla.org	WARN	Loading extension 'screenshots@mozilla.org': Reading manifest: Invalid extension permission: about:reader*
1583785100085	Marionette	INFO	Listening on port 44549
1583785100137	Marionette	WARN	TLS certificate errors will be ignored for this session
JavaScript error: https://www.bol.com/nl/m/cookies/, line 109: Error: 
JavaScript error: https://www.bol.com/nl/m/cookies/, line 109: Error: 
JavaScript error: resource:///actors/ContentMetaChild.jsm, line 167: InvalidStateError: An attempt was made to use an object that is not, or is no longer, usable
JavaScript error: https://www.bol.com/nl/rnwy/account/overzicht, line 109: Error: 
JavaScript error: https://js.s-bol.com/nl/static/assets/js/wsp-elements.887007f1a0b9c49dc6f8.bundle.js, line 2: ReferenceError: response is not defined
JavaScript error: resource:///actors/ContentMetaChild.jsm, line 167: InvalidStateError: An attempt was made to use an object that is not, or is no longer, usable
JavaScript error: resource:///actors/ContentMetaChild.jsm, line 167: InvalidStateError: An attempt was made to use an object that is not, or is no longer, usable
1583785329635	mozrunner::runner	INFO	Running command: "/usr/bin/firefox" "-marionette" "-foreground" "-no-remote" "-profile" "/tmp/rust_mozprofile9kGE4M"
1583785330356	addons.webextension.doh-rollout@mozilla.org	WARN	Loading extension 'doh-rollout@mozilla.org': Reading manifest: Invalid extension permission: networkStatus
1583785332292	addons.webextension.screenshots@mozilla.org	WARN	Loading extension 'screenshots@mozilla.org': Reading manifest: Invalid extension permission: mozillaAddons
1583785332292	addons.webextension.screenshots@mozilla.org	WARN	Loading extension 'screenshots@mozilla.org': Reading manifest: Invalid extension permission: telemetry
1583785332293	addons.webextension.screenshots@mozilla.org	WARN	Loading extension 'screenshots@mozilla.org': Reading manifest: Invalid extension permission: resource://pdf.js/
1583785332293	addons.webextension.screenshots@mozilla.org	WARN	Loading extension 'screenshots@mozilla.org': Reading manifest: Invalid extension permission: about:reader*
1583785334531	Marionette	INFO	Listening on port 40669
1583785334559	Marionette	WARN	TLS certificate errors will be ignored for this session
JavaScript error: https://www.bol.com/nl/m/cookies/, line 109: Error: 
JavaScript error: https://www.bol.com/nl/m/cookies/, line 109: Error: 
JavaScript error: https://js.s-bol.com/nl/static/assets/js/wsp-elements.b4a44790a95623454d59.bundle.js, line 2: TypeError: (intermediate value).data.alerts is undefined
JavaScript error: resource:///actors/ContentMetaChild.jsm, line 167: InvalidStateError: An attempt was made to use an object that is not, or is no longer, usable
JavaScript error: resource:///actors/ContentMetaChild.jsm, line 167: InvalidStateError: An attempt was made to use an object that is not, or is no longer, usable
JavaScript error: resource:///actors/ContentMetaChild.jsm, line 167: InvalidStateError: An attempt was made to use an object that is not, or is no longer, usable
IPDL protocol error: Handler returned error code!

###!!! [Parent][DispatchAsyncMessage] Error: PLayerTransaction::Msg_ReleaseLayer Processing error: message was deserialized, but the handler returned false (indicating failure)

1583785377353	Marionette	INFO	Stopped listening on port 40669
IPDL protocol error: Handler returned error code!

###!!! [Parent][DispatchAsyncMessage] Error: PLayerTransaction::Msg_ReleaseLayer Processing error: message was deserialized, but the handler returned false (indicating failure)

JavaScript error: , line 0: UnknownError: The operation failed for reasons unrelated to the database itself and not covered by any other error code.
1583785441394	Marionette	INFO	Stopped listening on port 44549
